
> frontend@0.1.0 lint
> eslint


C:\Users\bhowm\OneDrive\Desktop\sanket cohort\flights booking project\flights\frontend\src\app\auth\signin\page.tsx
  12:9  warning  'router' is assigned a value but never used  @typescript-eslint/no-unused-vars

C:\Users\bhowm\OneDrive\Desktop\sanket cohort\flights booking project\flights\frontend\src\app\flights\page.tsx
  6:45  warning  'DollarSign' is defined but never used  @typescript-eslint/no-unused-vars

C:\Users\bhowm\OneDrive\Desktop\sanket cohort\flights booking project\flights\frontend\src\app\page.tsx
  7:8  warning  'Link' is defined but never used  @typescript-eslint/no-unused-vars

C:\Users\bhowm\OneDrive\Desktop\sanket cohort\flights booking project\flights\frontend\src\components\navbar.tsx
  17:7  error  Error: Calling setState synchronously within an effect can trigger cascading renders

Effects are intended to synchronize state between React and external systems such as manually updating the DOM, state management libraries, or other platform APIs. In general, the body of an effect should do one or both of the following:
* Update external systems with the latest state from React.
* Subscribe for updates from some external system, calling setState in a callback function when external state changes.

Calling setState synchronously within an effect body causes cascading renders that can hurt performance, and is not recommended. (https://react.dev/learn/you-might-not-need-an-effect).

C:\Users\bhowm\OneDrive\Desktop\sanket cohort\flights booking project\flights\frontend\src\components\navbar.tsx:17:7
  15 |     if (typeof window !== 'undefined') {
  16 |       const token = localStorage.getItem('token');
> 17 |       setIsAuthenticated(!!token);
     |       ^^^^^^^^^^^^^^^^^^ Avoid calling setState() directly within an effect
  18 |     }
  19 |   }, []);
  20 |  react-hooks/set-state-in-effect

✖ 4 problems (1 error, 3 warnings)

